<?xml version="1.0" encoding="UTF-8"?>
<testsuite name="HumanTests" tests="60" skipped="0" failures="2" errors="0" timestamp="2017-04-17T16:07:22" hostname="Eugene" time="0.393">
  <properties/>
  <testcase name="testSetAboveMaxAgeException" classname="HumanTests" time="0.001"/>
  <testcase name="testSetAgeFromDateMiddleAge" classname="HumanTests" time="0.043"/>
  <testcase name="testFailedDoubleHypenatedFirstName" classname="HumanTests" time="0.001"/>
  <testcase name="testSetMinWeightInPounds" classname="HumanTests" time="0.0"/>
  <testcase name="testDoubleFadaIrishFirstName" classname="HumanTests" time="0.0"/>
  <testcase name="testDoubleHypenatedLastName" classname="HumanTests" time="0.012"/>
  <testcase name="testSetAboveMinWeightInPounds" classname="HumanTests" time="0.0"/>
  <testcase name="testSetFirstName" classname="HumanTests" time="0.0"/>
  <testcase name="testSetAboveMaxHeightInCentimetersException" classname="HumanTests" time="0.108"/>
  <testcase name="testLastNameWithSpaceCommaFullStop" classname="HumanTests" time="0.009"/>
  <testcase name="testSetAboveMinAge" classname="HumanTests" time="0.002"/>
  <testcase name="testSetAgeFromDateBelowMaxAge" classname="HumanTests" time="0.004"/>
  <testcase name="testSetAgeFromDateBelowMinAge" classname="HumanTests" time="0.002"/>
  <testcase name="testFadaWithApostropheIrishFirstName" classname="HumanTests" time="0.007"/>
  <testcase name="testSetMiddleAge" classname="HumanTests" time="0.006"/>
  <testcase name="testSetAboveMinHeightInCentimeters" classname="HumanTests" time="0.012"/>
  <testcase name="testSetMiddleHeightInCentimeters" classname="HumanTests" time="0.007"/>
  <testcase name="testSetAgeFromDateMaxAge" classname="HumanTests" time="0.001"/>
  <testcase name="testSetAgeFromDateMinAge" classname="HumanTests" time="0.007"/>
  <testcase name="testDoubleHypenatedFirstName" classname="HumanTests" time="0.006"/>
  <testcase name="testGetWeightInPounds" classname="HumanTests" time="0.001"/>
  <testcase name="testFadaIrishLastName" classname="HumanTests" time="0.042">
    <failure message="java.lang.IllegalArgumentException: Last name can only be alphabetic with apostrophe or hyphen." type="java.lang.IllegalArgumentException">java.lang.IllegalArgumentException: Last name can only be alphabetic with apostrophe or hyphen.
	at Human.setLName(Human.java:82)
	at HumanTests.testFadaIrishLastName(HumanTests.java:155)
	at sun.reflect.NativeMethodAccessorImpl.invoke0(Native Method)
	at sun.reflect.NativeMethodAccessorImpl.invoke(NativeMethodAccessorImpl.java:62)
	at sun.reflect.DelegatingMethodAccessorImpl.invoke(DelegatingMethodAccessorImpl.java:43)
	at java.lang.reflect.Method.invoke(Method.java:498)
	at org.junit.runners.model.FrameworkMethod$1.runReflectiveCall(FrameworkMethod.java:50)
	at org.junit.internal.runners.model.ReflectiveCallable.run(ReflectiveCallable.java:12)
	at org.junit.runners.model.FrameworkMethod.invokeExplosively(FrameworkMethod.java:47)
	at org.junit.internal.runners.statements.InvokeMethod.evaluate(InvokeMethod.java:17)
	at org.junit.internal.runners.statements.RunBefores.evaluate(RunBefores.java:26)
	at org.junit.rules.ExpectedException$ExpectedExceptionStatement.evaluate(ExpectedException.java:239)
	at org.junit.rules.RunRules.evaluate(RunRules.java:20)
	at org.junit.runners.ParentRunner.runLeaf(ParentRunner.java:325)
	at org.junit.runners.BlockJUnit4ClassRunner.runChild(BlockJUnit4ClassRunner.java:78)
	at org.junit.runners.BlockJUnit4ClassRunner.runChild(BlockJUnit4ClassRunner.java:57)
	at org.junit.runners.ParentRunner$3.run(ParentRunner.java:290)
	at org.junit.runners.ParentRunner$1.schedule(ParentRunner.java:71)
	at org.junit.runners.ParentRunner.runChildren(ParentRunner.java:288)
	at org.junit.runners.ParentRunner.access$000(ParentRunner.java:58)
	at org.junit.runners.ParentRunner$2.evaluate(ParentRunner.java:268)
	at org.junit.runners.ParentRunner.run(ParentRunner.java:363)
	at org.gradle.api.internal.tasks.testing.junit.JUnitTestClassExecuter.runTestClass(JUnitTestClassExecuter.java:114)
	at org.gradle.api.internal.tasks.testing.junit.JUnitTestClassExecuter.execute(JUnitTestClassExecuter.java:57)
	at org.gradle.api.internal.tasks.testing.junit.JUnitTestClassProcessor.processTestClass(JUnitTestClassProcessor.java:66)
	at org.gradle.api.internal.tasks.testing.SuiteTestClassProcessor.processTestClass(SuiteTestClassProcessor.java:51)
	at sun.reflect.NativeMethodAccessorImpl.invoke0(Native Method)
	at sun.reflect.NativeMethodAccessorImpl.invoke(NativeMethodAccessorImpl.java:62)
	at sun.reflect.DelegatingMethodAccessorImpl.invoke(DelegatingMethodAccessorImpl.java:43)
	at java.lang.reflect.Method.invoke(Method.java:498)
	at org.gradle.internal.dispatch.ReflectionDispatch.dispatch(ReflectionDispatch.java:35)
	at org.gradle.internal.dispatch.ReflectionDispatch.dispatch(ReflectionDispatch.java:24)
	at org.gradle.internal.dispatch.ContextClassLoaderDispatch.dispatch(ContextClassLoaderDispatch.java:32)
	at org.gradle.internal.dispatch.ProxyDispatchAdapter$DispatchingInvocationHandler.invoke(ProxyDispatchAdapter.java:93)
	at com.sun.proxy.$Proxy3.processTestClass(Unknown Source)
	at org.gradle.api.internal.tasks.testing.worker.TestWorker.processTestClass(TestWorker.java:109)
	at sun.reflect.NativeMethodAccessorImpl.invoke0(Native Method)
	at sun.reflect.NativeMethodAccessorImpl.invoke(NativeMethodAccessorImpl.java:62)
	at sun.reflect.DelegatingMethodAccessorImpl.invoke(DelegatingMethodAccessorImpl.java:43)
	at java.lang.reflect.Method.invoke(Method.java:498)
	at org.gradle.internal.dispatch.ReflectionDispatch.dispatch(ReflectionDispatch.java:35)
	at org.gradle.internal.dispatch.ReflectionDispatch.dispatch(ReflectionDispatch.java:24)
	at org.gradle.internal.remote.internal.hub.MessageHubBackedObjectConnection$DispatchWrapper.dispatch(MessageHubBackedObjectConnection.java:147)
	at org.gradle.internal.remote.internal.hub.MessageHubBackedObjectConnection$DispatchWrapper.dispatch(MessageHubBackedObjectConnection.java:129)
	at org.gradle.internal.remote.internal.hub.MessageHub$Handler.run(MessageHub.java:404)
	at org.gradle.internal.concurrent.ExecutorPolicy$CatchAndRecordFailures.onExecute(ExecutorPolicy.java:63)
	at org.gradle.internal.concurrent.StoppableExecutorImpl$1.run(StoppableExecutorImpl.java:46)
	at java.util.concurrent.ThreadPoolExecutor.runWorker(ThreadPoolExecutor.java:1142)
	at java.util.concurrent.ThreadPoolExecutor$Worker.run(ThreadPoolExecutor.java:617)
	at java.lang.Thread.run(Thread.java:745)
</failure>
  </testcase>
  <testcase name="testSetBelowMinAgeException" classname="HumanTests" time="0.0"/>
  <testcase name="testSetAboveMaxWeightInPoundsException" classname="HumanTests" time="0.001"/>
  <testcase name="testSetLastName" classname="HumanTests" time="0.001"/>
  <testcase name="testGetLastName" classname="HumanTests" time="0.0"/>
  <testcase name="testApostropheLastName" classname="HumanTests" time="0.001"/>
  <testcase name="testSetMaxHeightInCentimeters" classname="HumanTests" time="0.0"/>
  <testcase name="testSpaceLastName" classname="HumanTests" time="0.001"/>
  <testcase name="testSetMaxWeightInPounds" classname="HumanTests" time="0.0"/>
  <testcase name="testGetHeightInCentimeters" classname="HumanTests" time="0.001"/>
  <testcase name="testSetAgeFromDateAboveMaxAge" classname="HumanTests" time="0.0"/>
  <testcase name="testSetAgeFromDateAboveMinAge" classname="HumanTests" time="0.001"/>
  <testcase name="testSingleFadaIrishLastNameWithSpace" classname="HumanTests" time="0.0"/>
  <testcase name="testHypenatedLastName" classname="HumanTests" time="0.001"/>
  <testcase name="testSetBelowMinHeightInCentimetersException" classname="HumanTests" time="0.0"/>
  <testcase name="testGetAgeFromDateOfBirth" classname="HumanTests" time="0.0"/>
  <testcase name="testFadaWithApostropheIrishLastName" classname="HumanTests" time="0.0">
    <failure message="java.lang.IllegalArgumentException: Last name can only be alphabetic with apostrophe or hyphen." type="java.lang.IllegalArgumentException">java.lang.IllegalArgumentException: Last name can only be alphabetic with apostrophe or hyphen.
	at Human.setLName(Human.java:82)
	at HumanTests.testFadaWithApostropheIrishLastName(HumanTests.java:161)
	at sun.reflect.NativeMethodAccessorImpl.invoke0(Native Method)
	at sun.reflect.NativeMethodAccessorImpl.invoke(NativeMethodAccessorImpl.java:62)
	at sun.reflect.DelegatingMethodAccessorImpl.invoke(DelegatingMethodAccessorImpl.java:43)
	at java.lang.reflect.Method.invoke(Method.java:498)
	at org.junit.runners.model.FrameworkMethod$1.runReflectiveCall(FrameworkMethod.java:50)
	at org.junit.internal.runners.model.ReflectiveCallable.run(ReflectiveCallable.java:12)
	at org.junit.runners.model.FrameworkMethod.invokeExplosively(FrameworkMethod.java:47)
	at org.junit.internal.runners.statements.InvokeMethod.evaluate(InvokeMethod.java:17)
	at org.junit.internal.runners.statements.RunBefores.evaluate(RunBefores.java:26)
	at org.junit.rules.ExpectedException$ExpectedExceptionStatement.evaluate(ExpectedException.java:239)
	at org.junit.rules.RunRules.evaluate(RunRules.java:20)
	at org.junit.runners.ParentRunner.runLeaf(ParentRunner.java:325)
	at org.junit.runners.BlockJUnit4ClassRunner.runChild(BlockJUnit4ClassRunner.java:78)
	at org.junit.runners.BlockJUnit4ClassRunner.runChild(BlockJUnit4ClassRunner.java:57)
	at org.junit.runners.ParentRunner$3.run(ParentRunner.java:290)
	at org.junit.runners.ParentRunner$1.schedule(ParentRunner.java:71)
	at org.junit.runners.ParentRunner.runChildren(ParentRunner.java:288)
	at org.junit.runners.ParentRunner.access$000(ParentRunner.java:58)
	at org.junit.runners.ParentRunner$2.evaluate(ParentRunner.java:268)
	at org.junit.runners.ParentRunner.run(ParentRunner.java:363)
	at org.gradle.api.internal.tasks.testing.junit.JUnitTestClassExecuter.runTestClass(JUnitTestClassExecuter.java:114)
	at org.gradle.api.internal.tasks.testing.junit.JUnitTestClassExecuter.execute(JUnitTestClassExecuter.java:57)
	at org.gradle.api.internal.tasks.testing.junit.JUnitTestClassProcessor.processTestClass(JUnitTestClassProcessor.java:66)
	at org.gradle.api.internal.tasks.testing.SuiteTestClassProcessor.processTestClass(SuiteTestClassProcessor.java:51)
	at sun.reflect.NativeMethodAccessorImpl.invoke0(Native Method)
	at sun.reflect.NativeMethodAccessorImpl.invoke(NativeMethodAccessorImpl.java:62)
	at sun.reflect.DelegatingMethodAccessorImpl.invoke(DelegatingMethodAccessorImpl.java:43)
	at java.lang.reflect.Method.invoke(Method.java:498)
	at org.gradle.internal.dispatch.ReflectionDispatch.dispatch(ReflectionDispatch.java:35)
	at org.gradle.internal.dispatch.ReflectionDispatch.dispatch(ReflectionDispatch.java:24)
	at org.gradle.internal.dispatch.ContextClassLoaderDispatch.dispatch(ContextClassLoaderDispatch.java:32)
	at org.gradle.internal.dispatch.ProxyDispatchAdapter$DispatchingInvocationHandler.invoke(ProxyDispatchAdapter.java:93)
	at com.sun.proxy.$Proxy3.processTestClass(Unknown Source)
	at org.gradle.api.internal.tasks.testing.worker.TestWorker.processTestClass(TestWorker.java:109)
	at sun.reflect.NativeMethodAccessorImpl.invoke0(Native Method)
	at sun.reflect.NativeMethodAccessorImpl.invoke(NativeMethodAccessorImpl.java:62)
	at sun.reflect.DelegatingMethodAccessorImpl.invoke(DelegatingMethodAccessorImpl.java:43)
	at java.lang.reflect.Method.invoke(Method.java:498)
	at org.gradle.internal.dispatch.ReflectionDispatch.dispatch(ReflectionDispatch.java:35)
	at org.gradle.internal.dispatch.ReflectionDispatch.dispatch(ReflectionDispatch.java:24)
	at org.gradle.internal.remote.internal.hub.MessageHubBackedObjectConnection$DispatchWrapper.dispatch(MessageHubBackedObjectConnection.java:147)
	at org.gradle.internal.remote.internal.hub.MessageHubBackedObjectConnection$DispatchWrapper.dispatch(MessageHubBackedObjectConnection.java:129)
	at org.gradle.internal.remote.internal.hub.MessageHub$Handler.run(MessageHub.java:404)
	at org.gradle.internal.concurrent.ExecutorPolicy$CatchAndRecordFailures.onExecute(ExecutorPolicy.java:63)
	at org.gradle.internal.concurrent.StoppableExecutorImpl$1.run(StoppableExecutorImpl.java:46)
	at java.util.concurrent.ThreadPoolExecutor.runWorker(ThreadPoolExecutor.java:1142)
	at java.util.concurrent.ThreadPoolExecutor$Worker.run(ThreadPoolExecutor.java:617)
	at java.lang.Thread.run(Thread.java:745)
</failure>
  </testcase>
  <testcase name="testFirstNameWithSpace" classname="HumanTests" time="0.0"/>
  <testcase name="testSingleFadaIrishFirstName" classname="HumanTests" time="0.002"/>
  <testcase name="testSetBelowMaxAge" classname="HumanTests" time="0.0"/>
  <testcase name="testSetBelowMaxWeightInPounds" classname="HumanTests" time="0.0"/>
  <testcase name="testSetMaxAge" classname="HumanTests" time="0.0"/>
  <testcase name="testSetMinAge" classname="HumanTests" time="0.0"/>
  <testcase name="testGetGender" classname="HumanTests" time="0.0"/>
  <testcase name="testGetFirstName" classname="HumanTests" time="0.0"/>
  <testcase name="testSetBelowMinWeightInPoundsException" classname="HumanTests" time="0.0"/>
  <testcase name="testHypenatedFirstName" classname="HumanTests" time="0.0"/>
  <testcase name="testSetMiddleWeightInPounds" classname="HumanTests" time="0.0"/>
  <testcase name="testSetGenderFemale" classname="HumanTests" time="0.0"/>
  <testcase name="testGetAge" classname="HumanTests" time="0.0"/>
  <testcase name="testSetFirstNameWithNumber" classname="HumanTests" time="0.0"/>
  <testcase name="testSetMinHeightInCentimeters" classname="HumanTests" time="0.0"/>
  <testcase name="testSetGenderOther" classname="HumanTests" time="0.0"/>
  <testcase name="testSetFirstNameWithSymbol" classname="HumanTests" time="0.0"/>
  <testcase name="testSetLastNameWithNumber" classname="HumanTests" time="0.001"/>
  <testcase name="testSetLastNameFullStopAtStart" classname="HumanTests" time="0.0"/>
  <testcase name="testSetLastNameWithSymbol" classname="HumanTests" time="0.0"/>
  <testcase name="testSetBelowMaxHeightInCentimeters" classname="HumanTests" time="0.0"/>
  <testcase name="testApostrophesFirstName" classname="HumanTests" time="0.0"/>
  <system-out><![CDATA[]]></system-out>
  <system-err><![CDATA[]]></system-err>
</testsuite>
