<!DOCTYPE html>
<html>
<head>
<meta http-equiv="Content-Type" content="text/html; charset=utf-8"/>
<meta http-equiv="x-ua-compatible" content="IE=edge"/>
<title>Test results - Class HumanTests</title>
<link href="../css/base-style.css" rel="stylesheet" type="text/css"/>
<link href="../css/style.css" rel="stylesheet" type="text/css"/>
<script src="../js/report.js" type="text/javascript"></script>
</head>
<body>
<div id="content">
<h1>Class HumanTests</h1>
<div class="breadcrumbs">
<a href="../index.html">all</a> &gt; 
<a href="../packages/default-package.html">default-package</a> &gt; HumanTests</div>
<div id="summary">
<table>
<tr>
<td>
<div class="summaryGroup">
<table>
<tr>
<td>
<div class="infoBox" id="tests">
<div class="counter">52</div>
<p>tests</p>
</div>
</td>
<td>
<div class="infoBox" id="failures">
<div class="counter">3</div>
<p>failures</p>
</div>
</td>
<td>
<div class="infoBox" id="ignored">
<div class="counter">0</div>
<p>ignored</p>
</div>
</td>
<td>
<div class="infoBox" id="duration">
<div class="counter">0.085s</div>
<p>duration</p>
</div>
</td>
</tr>
</table>
</div>
</td>
<td>
<div class="infoBox failures" id="successRate">
<div class="percent">94%</div>
<p>successful</p>
</div>
</td>
</tr>
</table>
</div>
<div id="tabs">
<ul class="tabLinks">
<li>
<a href="#tab0">Failed tests</a>
</li>
<li>
<a href="#tab1">Tests</a>
</li>
</ul>
<div id="tab0" class="tab">
<h2>Failed tests</h2>
<div class="test">
<a name="testCalculateAgeTooOld"></a>
<h3 class="failures">testCalculateAgeTooOld</h3>
<span class="code">
<pre>java.lang.AssertionError: Expected exception: java.lang.IllegalArgumentException
	at org.junit.internal.runners.statements.ExpectException.evaluate(ExpectException.java:32)
	at org.junit.runners.ParentRunner.runLeaf(ParentRunner.java:325)
	at org.junit.runners.BlockJUnit4ClassRunner.runChild(BlockJUnit4ClassRunner.java:78)
	at org.junit.runners.BlockJUnit4ClassRunner.runChild(BlockJUnit4ClassRunner.java:57)
	at org.junit.runners.ParentRunner$3.run(ParentRunner.java:290)
	at org.junit.runners.ParentRunner$1.schedule(ParentRunner.java:71)
	at org.junit.runners.ParentRunner.runChildren(ParentRunner.java:288)
	at org.junit.runners.ParentRunner.access$000(ParentRunner.java:58)
	at org.junit.runners.ParentRunner$2.evaluate(ParentRunner.java:268)
	at org.junit.runners.ParentRunner.run(ParentRunner.java:363)
	at org.gradle.api.internal.tasks.testing.junit.JUnitTestClassExecuter.runTestClass(JUnitTestClassExecuter.java:114)
	at org.gradle.api.internal.tasks.testing.junit.JUnitTestClassExecuter.execute(JUnitTestClassExecuter.java:57)
	at org.gradle.api.internal.tasks.testing.junit.JUnitTestClassProcessor.processTestClass(JUnitTestClassProcessor.java:66)
	at org.gradle.api.internal.tasks.testing.SuiteTestClassProcessor.processTestClass(SuiteTestClassProcessor.java:51)
	at sun.reflect.NativeMethodAccessorImpl.invoke0(Native Method)
	at sun.reflect.NativeMethodAccessorImpl.invoke(NativeMethodAccessorImpl.java:62)
	at sun.reflect.DelegatingMethodAccessorImpl.invoke(DelegatingMethodAccessorImpl.java:43)
	at java.lang.reflect.Method.invoke(Method.java:498)
	at org.gradle.internal.dispatch.ReflectionDispatch.dispatch(ReflectionDispatch.java:35)
	at org.gradle.internal.dispatch.ReflectionDispatch.dispatch(ReflectionDispatch.java:24)
	at org.gradle.internal.dispatch.ContextClassLoaderDispatch.dispatch(ContextClassLoaderDispatch.java:32)
	at org.gradle.internal.dispatch.ProxyDispatchAdapter$DispatchingInvocationHandler.invoke(ProxyDispatchAdapter.java:93)
	at com.sun.proxy.$Proxy3.processTestClass(Unknown Source)
	at org.gradle.api.internal.tasks.testing.worker.TestWorker.processTestClass(TestWorker.java:109)
	at sun.reflect.NativeMethodAccessorImpl.invoke0(Native Method)
	at sun.reflect.NativeMethodAccessorImpl.invoke(NativeMethodAccessorImpl.java:62)
	at sun.reflect.DelegatingMethodAccessorImpl.invoke(DelegatingMethodAccessorImpl.java:43)
	at java.lang.reflect.Method.invoke(Method.java:498)
	at org.gradle.internal.dispatch.ReflectionDispatch.dispatch(ReflectionDispatch.java:35)
	at org.gradle.internal.dispatch.ReflectionDispatch.dispatch(ReflectionDispatch.java:24)
	at org.gradle.internal.remote.internal.hub.MessageHubBackedObjectConnection$DispatchWrapper.dispatch(MessageHubBackedObjectConnection.java:147)
	at org.gradle.internal.remote.internal.hub.MessageHubBackedObjectConnection$DispatchWrapper.dispatch(MessageHubBackedObjectConnection.java:129)
	at org.gradle.internal.remote.internal.hub.MessageHub$Handler.run(MessageHub.java:404)
	at org.gradle.internal.concurrent.ExecutorPolicy$CatchAndRecordFailures.onExecute(ExecutorPolicy.java:63)
	at org.gradle.internal.concurrent.StoppableExecutorImpl$1.run(StoppableExecutorImpl.java:46)
	at java.util.concurrent.ThreadPoolExecutor.runWorker(ThreadPoolExecutor.java:1142)
	at java.util.concurrent.ThreadPoolExecutor$Worker.run(ThreadPoolExecutor.java:617)
	at java.lang.Thread.run(Thread.java:745)
</pre>
</span>
</div>
<div class="test">
<a name="testFadaIrishLastName"></a>
<h3 class="failures">testFadaIrishLastName</h3>
<span class="code">
<pre>java.lang.IllegalArgumentException: Last name can only be alphabetic with apostrophe or hyphen.
	at Human.setLName(Human.java:84)
	at HumanTests.testFadaIrishLastName(HumanTests.java:145)
	at sun.reflect.NativeMethodAccessorImpl.invoke0(Native Method)
	at sun.reflect.NativeMethodAccessorImpl.invoke(NativeMethodAccessorImpl.java:62)
	at sun.reflect.DelegatingMethodAccessorImpl.invoke(DelegatingMethodAccessorImpl.java:43)
	at java.lang.reflect.Method.invoke(Method.java:498)
	at org.junit.runners.model.FrameworkMethod$1.runReflectiveCall(FrameworkMethod.java:50)
	at org.junit.internal.runners.model.ReflectiveCallable.run(ReflectiveCallable.java:12)
	at org.junit.runners.model.FrameworkMethod.invokeExplosively(FrameworkMethod.java:47)
	at org.junit.internal.runners.statements.InvokeMethod.evaluate(InvokeMethod.java:17)
	at org.junit.runners.ParentRunner.runLeaf(ParentRunner.java:325)
	at org.junit.runners.BlockJUnit4ClassRunner.runChild(BlockJUnit4ClassRunner.java:78)
	at org.junit.runners.BlockJUnit4ClassRunner.runChild(BlockJUnit4ClassRunner.java:57)
	at org.junit.runners.ParentRunner$3.run(ParentRunner.java:290)
	at org.junit.runners.ParentRunner$1.schedule(ParentRunner.java:71)
	at org.junit.runners.ParentRunner.runChildren(ParentRunner.java:288)
	at org.junit.runners.ParentRunner.access$000(ParentRunner.java:58)
	at org.junit.runners.ParentRunner$2.evaluate(ParentRunner.java:268)
	at org.junit.runners.ParentRunner.run(ParentRunner.java:363)
	at org.gradle.api.internal.tasks.testing.junit.JUnitTestClassExecuter.runTestClass(JUnitTestClassExecuter.java:114)
	at org.gradle.api.internal.tasks.testing.junit.JUnitTestClassExecuter.execute(JUnitTestClassExecuter.java:57)
	at org.gradle.api.internal.tasks.testing.junit.JUnitTestClassProcessor.processTestClass(JUnitTestClassProcessor.java:66)
	at org.gradle.api.internal.tasks.testing.SuiteTestClassProcessor.processTestClass(SuiteTestClassProcessor.java:51)
	at sun.reflect.NativeMethodAccessorImpl.invoke0(Native Method)
	at sun.reflect.NativeMethodAccessorImpl.invoke(NativeMethodAccessorImpl.java:62)
	at sun.reflect.DelegatingMethodAccessorImpl.invoke(DelegatingMethodAccessorImpl.java:43)
	at java.lang.reflect.Method.invoke(Method.java:498)
	at org.gradle.internal.dispatch.ReflectionDispatch.dispatch(ReflectionDispatch.java:35)
	at org.gradle.internal.dispatch.ReflectionDispatch.dispatch(ReflectionDispatch.java:24)
	at org.gradle.internal.dispatch.ContextClassLoaderDispatch.dispatch(ContextClassLoaderDispatch.java:32)
	at org.gradle.internal.dispatch.ProxyDispatchAdapter$DispatchingInvocationHandler.invoke(ProxyDispatchAdapter.java:93)
	at com.sun.proxy.$Proxy3.processTestClass(Unknown Source)
	at org.gradle.api.internal.tasks.testing.worker.TestWorker.processTestClass(TestWorker.java:109)
	at sun.reflect.NativeMethodAccessorImpl.invoke0(Native Method)
	at sun.reflect.NativeMethodAccessorImpl.invoke(NativeMethodAccessorImpl.java:62)
	at sun.reflect.DelegatingMethodAccessorImpl.invoke(DelegatingMethodAccessorImpl.java:43)
	at java.lang.reflect.Method.invoke(Method.java:498)
	at org.gradle.internal.dispatch.ReflectionDispatch.dispatch(ReflectionDispatch.java:35)
	at org.gradle.internal.dispatch.ReflectionDispatch.dispatch(ReflectionDispatch.java:24)
	at org.gradle.internal.remote.internal.hub.MessageHubBackedObjectConnection$DispatchWrapper.dispatch(MessageHubBackedObjectConnection.java:147)
	at org.gradle.internal.remote.internal.hub.MessageHubBackedObjectConnection$DispatchWrapper.dispatch(MessageHubBackedObjectConnection.java:129)
	at org.gradle.internal.remote.internal.hub.MessageHub$Handler.run(MessageHub.java:404)
	at org.gradle.internal.concurrent.ExecutorPolicy$CatchAndRecordFailures.onExecute(ExecutorPolicy.java:63)
	at org.gradle.internal.concurrent.StoppableExecutorImpl$1.run(StoppableExecutorImpl.java:46)
	at java.util.concurrent.ThreadPoolExecutor.runWorker(ThreadPoolExecutor.java:1142)
	at java.util.concurrent.ThreadPoolExecutor$Worker.run(ThreadPoolExecutor.java:617)
	at java.lang.Thread.run(Thread.java:745)
</pre>
</span>
</div>
<div class="test">
<a name="testFadaWithApostropheIrishLastName"></a>
<h3 class="failures">testFadaWithApostropheIrishLastName</h3>
<span class="code">
<pre>java.lang.IllegalArgumentException: Last name can only be alphabetic with apostrophe or hyphen.
	at Human.setLName(Human.java:84)
	at HumanTests.testFadaWithApostropheIrishLastName(HumanTests.java:151)
	at sun.reflect.NativeMethodAccessorImpl.invoke0(Native Method)
	at sun.reflect.NativeMethodAccessorImpl.invoke(NativeMethodAccessorImpl.java:62)
	at sun.reflect.DelegatingMethodAccessorImpl.invoke(DelegatingMethodAccessorImpl.java:43)
	at java.lang.reflect.Method.invoke(Method.java:498)
	at org.junit.runners.model.FrameworkMethod$1.runReflectiveCall(FrameworkMethod.java:50)
	at org.junit.internal.runners.model.ReflectiveCallable.run(ReflectiveCallable.java:12)
	at org.junit.runners.model.FrameworkMethod.invokeExplosively(FrameworkMethod.java:47)
	at org.junit.internal.runners.statements.InvokeMethod.evaluate(InvokeMethod.java:17)
	at org.junit.runners.ParentRunner.runLeaf(ParentRunner.java:325)
	at org.junit.runners.BlockJUnit4ClassRunner.runChild(BlockJUnit4ClassRunner.java:78)
	at org.junit.runners.BlockJUnit4ClassRunner.runChild(BlockJUnit4ClassRunner.java:57)
	at org.junit.runners.ParentRunner$3.run(ParentRunner.java:290)
	at org.junit.runners.ParentRunner$1.schedule(ParentRunner.java:71)
	at org.junit.runners.ParentRunner.runChildren(ParentRunner.java:288)
	at org.junit.runners.ParentRunner.access$000(ParentRunner.java:58)
	at org.junit.runners.ParentRunner$2.evaluate(ParentRunner.java:268)
	at org.junit.runners.ParentRunner.run(ParentRunner.java:363)
	at org.gradle.api.internal.tasks.testing.junit.JUnitTestClassExecuter.runTestClass(JUnitTestClassExecuter.java:114)
	at org.gradle.api.internal.tasks.testing.junit.JUnitTestClassExecuter.execute(JUnitTestClassExecuter.java:57)
	at org.gradle.api.internal.tasks.testing.junit.JUnitTestClassProcessor.processTestClass(JUnitTestClassProcessor.java:66)
	at org.gradle.api.internal.tasks.testing.SuiteTestClassProcessor.processTestClass(SuiteTestClassProcessor.java:51)
	at sun.reflect.NativeMethodAccessorImpl.invoke0(Native Method)
	at sun.reflect.NativeMethodAccessorImpl.invoke(NativeMethodAccessorImpl.java:62)
	at sun.reflect.DelegatingMethodAccessorImpl.invoke(DelegatingMethodAccessorImpl.java:43)
	at java.lang.reflect.Method.invoke(Method.java:498)
	at org.gradle.internal.dispatch.ReflectionDispatch.dispatch(ReflectionDispatch.java:35)
	at org.gradle.internal.dispatch.ReflectionDispatch.dispatch(ReflectionDispatch.java:24)
	at org.gradle.internal.dispatch.ContextClassLoaderDispatch.dispatch(ContextClassLoaderDispatch.java:32)
	at org.gradle.internal.dispatch.ProxyDispatchAdapter$DispatchingInvocationHandler.invoke(ProxyDispatchAdapter.java:93)
	at com.sun.proxy.$Proxy3.processTestClass(Unknown Source)
	at org.gradle.api.internal.tasks.testing.worker.TestWorker.processTestClass(TestWorker.java:109)
	at sun.reflect.NativeMethodAccessorImpl.invoke0(Native Method)
	at sun.reflect.NativeMethodAccessorImpl.invoke(NativeMethodAccessorImpl.java:62)
	at sun.reflect.DelegatingMethodAccessorImpl.invoke(DelegatingMethodAccessorImpl.java:43)
	at java.lang.reflect.Method.invoke(Method.java:498)
	at org.gradle.internal.dispatch.ReflectionDispatch.dispatch(ReflectionDispatch.java:35)
	at org.gradle.internal.dispatch.ReflectionDispatch.dispatch(ReflectionDispatch.java:24)
	at org.gradle.internal.remote.internal.hub.MessageHubBackedObjectConnection$DispatchWrapper.dispatch(MessageHubBackedObjectConnection.java:147)
	at org.gradle.internal.remote.internal.hub.MessageHubBackedObjectConnection$DispatchWrapper.dispatch(MessageHubBackedObjectConnection.java:129)
	at org.gradle.internal.remote.internal.hub.MessageHub$Handler.run(MessageHub.java:404)
	at org.gradle.internal.concurrent.ExecutorPolicy$CatchAndRecordFailures.onExecute(ExecutorPolicy.java:63)
	at org.gradle.internal.concurrent.StoppableExecutorImpl$1.run(StoppableExecutorImpl.java:46)
	at java.util.concurrent.ThreadPoolExecutor.runWorker(ThreadPoolExecutor.java:1142)
	at java.util.concurrent.ThreadPoolExecutor$Worker.run(ThreadPoolExecutor.java:617)
	at java.lang.Thread.run(Thread.java:745)
</pre>
</span>
</div>
</div>
<div id="tab1" class="tab">
<h2>Tests</h2>
<table>
<thead>
<tr>
<th>Test</th>
<th>Duration</th>
<th>Result</th>
</tr>
</thead>
<tr>
<td class="success">testApostropheLastName</td>
<td>0.001s</td>
<td class="success">passed</td>
</tr>
<tr>
<td class="success">testApostrophesFirstName</td>
<td>0.001s</td>
<td class="success">passed</td>
</tr>
<tr>
<td class="failures">testCalculateAgeTooOld</td>
<td>0.059s</td>
<td class="failures">failed</td>
</tr>
<tr>
<td class="success">testCalculateAgeValidDates</td>
<td>0s</td>
<td class="success">passed</td>
</tr>
<tr>
<td class="success">testCalculateAgeVeryYoung</td>
<td>0s</td>
<td class="success">passed</td>
</tr>
<tr>
<td class="success">testDoubleFadaIrishFirstName</td>
<td>0.001s</td>
<td class="success">passed</td>
</tr>
<tr>
<td class="success">testDoubleHypenatedFirstName</td>
<td>0s</td>
<td class="success">passed</td>
</tr>
<tr>
<td class="success">testDoubleHypenatedLastName</td>
<td>0.003s</td>
<td class="success">passed</td>
</tr>
<tr>
<td class="failures">testFadaIrishLastName</td>
<td>0.001s</td>
<td class="failures">failed</td>
</tr>
<tr>
<td class="success">testFadaWithApostropheIrishFirstName</td>
<td>0s</td>
<td class="success">passed</td>
</tr>
<tr>
<td class="failures">testFadaWithApostropheIrishLastName</td>
<td>0.001s</td>
<td class="failures">failed</td>
</tr>
<tr>
<td class="success">testFailedDoubleHypenatedFirstName</td>
<td>0.002s</td>
<td class="success">passed</td>
</tr>
<tr>
<td class="success">testFirstNameWithSpace</td>
<td>0s</td>
<td class="success">passed</td>
</tr>
<tr>
<td class="success">testGetAge</td>
<td>0.001s</td>
<td class="success">passed</td>
</tr>
<tr>
<td class="success">testGetFirstName</td>
<td>0.001s</td>
<td class="success">passed</td>
</tr>
<tr>
<td class="success">testGetHeightInCentimeters</td>
<td>0s</td>
<td class="success">passed</td>
</tr>
<tr>
<td class="success">testGetLastName</td>
<td>0.001s</td>
<td class="success">passed</td>
</tr>
<tr>
<td class="success">testGetWeightInPounds</td>
<td>0s</td>
<td class="success">passed</td>
</tr>
<tr>
<td class="success">testHypenatedFirstName</td>
<td>0s</td>
<td class="success">passed</td>
</tr>
<tr>
<td class="success">testHypenatedLastName</td>
<td>0.001s</td>
<td class="success">passed</td>
</tr>
<tr>
<td class="success">testLastNameWithSpaceCommaFullStop</td>
<td>0s</td>
<td class="success">passed</td>
</tr>
<tr>
<td class="success">testSetAboveMaxAgeException</td>
<td>0s</td>
<td class="success">passed</td>
</tr>
<tr>
<td class="success">testSetAboveMaxHeightInCentimetersException</td>
<td>0s</td>
<td class="success">passed</td>
</tr>
<tr>
<td class="success">testSetAboveMaxWeightInPoundsException</td>
<td>0s</td>
<td class="success">passed</td>
</tr>
<tr>
<td class="success">testSetAboveMinAge</td>
<td>0s</td>
<td class="success">passed</td>
</tr>
<tr>
<td class="success">testSetAboveMinHeightInCentimeters</td>
<td>0s</td>
<td class="success">passed</td>
</tr>
<tr>
<td class="success">testSetAboveMinWeightInPounds</td>
<td>0s</td>
<td class="success">passed</td>
</tr>
<tr>
<td class="success">testSetBelowMaxAge</td>
<td>0s</td>
<td class="success">passed</td>
</tr>
<tr>
<td class="success">testSetBelowMaxHeightInCentimeters</td>
<td>0s</td>
<td class="success">passed</td>
</tr>
<tr>
<td class="success">testSetBelowMaxWeightInPounds</td>
<td>0s</td>
<td class="success">passed</td>
</tr>
<tr>
<td class="success">testSetBelowMinAgeException</td>
<td>0s</td>
<td class="success">passed</td>
</tr>
<tr>
<td class="success">testSetBelowMinHeightInCentimetersException</td>
<td>0s</td>
<td class="success">passed</td>
</tr>
<tr>
<td class="success">testSetBelowMinWeightInPoundsException</td>
<td>0s</td>
<td class="success">passed</td>
</tr>
<tr>
<td class="success">testSetFirstName</td>
<td>0s</td>
<td class="success">passed</td>
</tr>
<tr>
<td class="success">testSetFirstNameWithNumber</td>
<td>0s</td>
<td class="success">passed</td>
</tr>
<tr>
<td class="success">testSetFirstNameWithSymbol</td>
<td>0.001s</td>
<td class="success">passed</td>
</tr>
<tr>
<td class="success">testSetLastName</td>
<td>0s</td>
<td class="success">passed</td>
</tr>
<tr>
<td class="success">testSetLastNameFullStopAtStart</td>
<td>0.002s</td>
<td class="success">passed</td>
</tr>
<tr>
<td class="success">testSetLastNameWithNumber</td>
<td>0s</td>
<td class="success">passed</td>
</tr>
<tr>
<td class="success">testSetLastNameWithSymbol</td>
<td>0s</td>
<td class="success">passed</td>
</tr>
<tr>
<td class="success">testSetMaxAge</td>
<td>0.001s</td>
<td class="success">passed</td>
</tr>
<tr>
<td class="success">testSetMaxHeightInCentimeters</td>
<td>0s</td>
<td class="success">passed</td>
</tr>
<tr>
<td class="success">testSetMaxWeightInPounds</td>
<td>0.001s</td>
<td class="success">passed</td>
</tr>
<tr>
<td class="success">testSetMiddleAge</td>
<td>0.002s</td>
<td class="success">passed</td>
</tr>
<tr>
<td class="success">testSetMiddleHeightInCentimeters</td>
<td>0s</td>
<td class="success">passed</td>
</tr>
<tr>
<td class="success">testSetMiddleWeightInPounds</td>
<td>0s</td>
<td class="success">passed</td>
</tr>
<tr>
<td class="success">testSetMinAge</td>
<td>0.001s</td>
<td class="success">passed</td>
</tr>
<tr>
<td class="success">testSetMinHeightInCentimeters</td>
<td>0s</td>
<td class="success">passed</td>
</tr>
<tr>
<td class="success">testSetMinWeightInPounds</td>
<td>0s</td>
<td class="success">passed</td>
</tr>
<tr>
<td class="success">testSingleFadaIrishFirstName</td>
<td>0.002s</td>
<td class="success">passed</td>
</tr>
<tr>
<td class="success">testSingleFadaIrishLastNameWithSpace</td>
<td>0.002s</td>
<td class="success">passed</td>
</tr>
<tr>
<td class="success">testSpaceLastName</td>
<td>0s</td>
<td class="success">passed</td>
</tr>
</table>
</div>
</div>
<div id="footer">
<p>
<div>
<label class="hidden" id="label-for-line-wrapping-toggle" for="line-wrapping-toggle">Wrap lines
<input id="line-wrapping-toggle" type="checkbox" autocomplete="off"/>
</label>
</div>Generated by 
<a href="http://www.gradle.org">Gradle 3.4.1</a> at 31-Mar-2017 16:03:29</p>
</div>
</div>
</body>
</html>
